Using pre-set license
Built from '2020.3/china_unity/release' branch; Version is '2020.3.16f1c1 (52703c1271a5) revision 5402684'; Using compiler version '192528614'; Build Type 'Release'
OS: 'Windows 10 Home China; OS build 19044.1826; Version 2009; 64bit' Language: 'zh' Physical Memory: 16304 MB
BatchMode: 1, IsHumanControllingUs: 0, StartBugReporterOnCrash: 0, Is64bit: 1, IsPro: 0

 COMMAND LINE ARGUMENTS:
D:\Unity\Editor\2020.3.16f1c1\Editor\Unity.exe
-adb2
-batchMode
-noUpm
-name
AssetImportWorker0
-projectPath
D:/GitHub/CardGame/CardGame2/CardGame
-logFile
Logs/AssetImportWorker0.log
-srvPort
60349
Successfully changed project path to: D:/GitHub/CardGame/CardGame2/CardGame
D:/GitHub/CardGame/CardGame2/CardGame
Using Asset Import Pipeline V2.
AS: AutoStreaming module initializing.Refreshing native plugins compatible for Editor in 55.13 ms, found 3 plugins.
Preloading 0 native plugins for Editor in 0.00 ms.
Initialize engine version: 2020.3.16f1c1 (52703c1271a5)
[Subsystems] Discovering subsystems at path D:/Unity/Editor/2020.3.16f1c1/Editor/Data/Resources/UnitySubsystems
[Subsystems] Discovering subsystems at path D:/GitHub/CardGame/CardGame2/CardGame/Assets
GfxDevice: creating device client; threaded=0
Direct3D:
    Version:  Direct3D 11.0 [level 11.1]
    Renderer: NVIDIA GeForce GTX 1650 (ID=0x1f91)
    Vendor:   
    VRAM:     3962 MB
    Driver:   30.0.15.1179
Initialize mono
Mono path[0] = 'D:/Unity/Editor/2020.3.16f1c1/Editor/Data/Managed'
Mono path[1] = 'D:/Unity/Editor/2020.3.16f1c1/Editor/Data/MonoBleedingEdge/lib/mono/unityjit'
Mono config path = 'D:/Unity/Editor/2020.3.16f1c1/Editor/Data/MonoBleedingEdge/etc'
Using monoOptions --debugger-agent=transport=dt_socket,embedding=1,server=y,suspend=n,address=127.0.0.1:56592
Begin MonoManager ReloadAssembly
Registering precompiled unity dll's ...
Register platform support module: D:/Unity/Editor/2020.3.16f1c1/Editor/Data/PlaybackEngines/WindowsStandaloneSupport/UnityEditor.WindowsStandalone.Extensions.dll
Registered in 0.001283 seconds.
Native extension for WindowsStandalone target not found
Refreshing native plugins compatible for Editor in 69.31 ms, found 3 plugins.
Preloading 0 native plugins for Editor in 0.00 ms.
Mono: successfully reloaded assembly
- Completed reload, in  1.812 seconds
Domain Reload Profiling:
	ReloadAssembly (1812ms)
		BeginReloadAssembly (92ms)
			ExecutionOrderSort (0ms)
			DisableScriptedObjects (0ms)
			BackupInstance (0ms)
			ReleaseScriptingObjects (0ms)
			CreateAndSetChildDomain (1ms)
		EndReloadAssembly (497ms)
			LoadAssemblies (91ms)
			RebuildTransferFunctionScriptingTraits (0ms)
			SetupTypeCache (145ms)
			ReleaseScriptCaches (0ms)
			RebuildScriptCaches (38ms)
			SetupLoadedEditorAssemblies (244ms)
				LogAssemblyErrors (0ms)
				InitializePlatformSupportModulesInManaged (5ms)
				SetLoadedEditorAssemblies (0ms)
				RefreshPlugins (69ms)
				BeforeProcessingInitializeOnLoad (16ms)
				ProcessInitializeOnLoadAttributes (120ms)
				ProcessInitializeOnLoadMethodAttributes (33ms)
				AfterProcessingInitializeOnLoad (0ms)
				EditorAssembliesLoaded (0ms)
			ExecutionOrderSort2 (0ms)
			AwakeInstancesAfterBackupRestoration (0ms)
Platform modules already initialized, skipping
Registering precompiled user dll's ...
Registered in 0.006697 seconds.
Begin MonoManager ReloadAssembly
Native extension for WindowsStandalone target not found
Refreshing native plugins compatible for Editor in 52.15 ms, found 3 plugins.
Preloading 0 native plugins for Editor in 0.00 ms.
Mono: successfully reloaded assembly
- Completed reload, in  1.790 seconds
Domain Reload Profiling:
	ReloadAssembly (1792ms)
		BeginReloadAssembly (178ms)
			ExecutionOrderSort (0ms)
			DisableScriptedObjects (5ms)
			BackupInstance (0ms)
			ReleaseScriptingObjects (0ms)
			CreateAndSetChildDomain (18ms)
		EndReloadAssembly (1558ms)
			LoadAssemblies (138ms)
			RebuildTransferFunctionScriptingTraits (0ms)
			SetupTypeCache (302ms)
			ReleaseScriptCaches (0ms)
			RebuildScriptCaches (57ms)
			SetupLoadedEditorAssemblies (974ms)
				LogAssemblyErrors (0ms)
				InitializePlatformSupportModulesInManaged (4ms)
				SetLoadedEditorAssemblies (0ms)
				RefreshPlugins (52ms)
				BeforeProcessingInitializeOnLoad (81ms)
				ProcessInitializeOnLoadAttributes (812ms)
				ProcessInitializeOnLoadMethodAttributes (21ms)
				AfterProcessingInitializeOnLoad (3ms)
				EditorAssembliesLoaded (0ms)
			ExecutionOrderSort2 (0ms)
			AwakeInstancesAfterBackupRestoration (7ms)
Platform modules already initialized, skipping
========================================================================
Worker process is ready to serve import requests
Launched and connected shader compiler UnityShaderCompiler.exe after 0.08 seconds
Refreshing native plugins compatible for Editor in 0.57 ms, found 3 plugins.
Preloading 0 native plugins for Editor in 0.00 ms.
Unloading 2186 Unused Serialized files (Serialized files now loaded: 0)
System memory in use before: 96.2 MB.
System memory in use after: 96.3 MB.

Unloading 29 unused Assets to reduce memory usage. Loaded Objects now: 2633.
Total: 5.330500 ms (FindLiveObjects: 0.308200 ms CreateObjectMapping: 0.117100 ms MarkObjects: 4.853500 ms  DeleteObjects: 0.050200 ms)

AssetImportParameters requested are different than current active one (requested -> active):
  custom:framework-win-MediaFoundation: 216162199b28c13a410421893ffa2e32 -> 
  custom:video-decoder-ogg-theora: a1e56fd34408186e4bbccfd4996cb3dc -> 
  custom:container-muxer-webm: aa71ff27fc2769a1b78a27578f13a17b -> 
  custom:container-demuxer-webm: 4f35f7cbe854078d1ac9338744f61a02 -> 
  custom:container-demuxer-ogg: 62fdf1f143b41e24485cea50d1cbac27 -> 
  custom:video-encoder-webm-vp8: eb34c28f22e8b96e1ab97ce403110664 -> 
  custom:video-codec-MediaFoundation-h265: 746d11721c4dcdbdad8f713fa42b33f4 -> 
  custom:video-decoder-webm-vp8: 9c59270c3fd7afecdb556c50c9e8de78 -> 
  custom:audio-decoder-ogg-vorbis: bf7c407c2cedff20999df2af8eb42d56 -> 
  custom:audio-encoder-webm-vorbis: bf7c407c2cedff20999df2af8eb42d56 -> 
========================================================================
Received Import Request.
  path: Assets/Resources/CardImages/焚者.png
  artifactKey: Guid(26f495c5d7e1d40428ccf0bf6999214b) Importer(815301076,1909f56bfc062723c751e8b465ee728b)
Start importing Assets/Resources/CardImages/焚者.png using Guid(26f495c5d7e1d40428ccf0bf6999214b) Importer(815301076,1909f56bfc062723c751e8b465ee728b)  -> (artifact id: 'eba8ed25e6f9925098130e9dd7755c61') in 0.148473 seconds 
  Import took 0.154448 seconds .

========================================================================
Received Import Request.
  Time since last request: 0.000360 seconds.
  path: Assets/Resources/CardImages/负面本质.png
  artifactKey: Guid(812ed3a142340044f9278c1fc690743a) Importer(815301076,1909f56bfc062723c751e8b465ee728b)
Start importing Assets/Resources/CardImages/负面本质.png using Guid(812ed3a142340044f9278c1fc690743a) Importer(815301076,1909f56bfc062723c751e8b465ee728b)  -> (artifact id: '16dd4490bf1cf07418d3550671e0a082') in 0.021743 seconds 
  Import took 0.025236 seconds .

========================================================================
Received Import Request.
  Time since last request: 40.305276 seconds.
  path: Assets/Resources/CardImages/使者.png
  artifactKey: Guid(476b106944a5949458701a8ecab4aab3) Importer(815301076,1909f56bfc062723c751e8b465ee728b)
Start importing Assets/Resources/CardImages/使者.png using Guid(476b106944a5949458701a8ecab4aab3) Importer(815301076,1909f56bfc062723c751e8b465ee728b)  -> (artifact id: '21605331ab9a7cd52175f393ffe6e5e3') in 0.019440 seconds 
  Import took 0.023265 seconds .

========================================================================
Received Import Request.
  Time since last request: 0.000326 seconds.
  path: Assets/Resources/CardImages/痛苦伤痕.png
  artifactKey: Guid(6fad896bd154f2b438d8b19deb3988f5) Importer(815301076,1909f56bfc062723c751e8b465ee728b)
Start importing Assets/Resources/CardImages/痛苦伤痕.png using Guid(6fad896bd154f2b438d8b19deb3988f5) Importer(815301076,1909f56bfc062723c751e8b465ee728b)  -> (artifact id: '1a3d1069274d6663cff5f2587e96e36d') in 0.018476 seconds 
  Import took 0.022002 seconds .

========================================================================
Received Import Request.
  Time since last request: 0.000399 seconds.
  path: Assets/Resources/CardImages/折磨伤痕.png
  artifactKey: Guid(89ecf60ebfe44944fa87766a82d3d1e3) Importer(815301076,1909f56bfc062723c751e8b465ee728b)
Start importing Assets/Resources/CardImages/折磨伤痕.png using Guid(89ecf60ebfe44944fa87766a82d3d1e3) Importer(815301076,1909f56bfc062723c751e8b465ee728b)  -> (artifact id: 'e2a559d42d59105e01181ca49791f8ec') in 0.023877 seconds 
  Import took 0.028115 seconds .

========================================================================
Received Import Request.
  Time since last request: 0.000477 seconds.
  path: Assets/Resources/CardImages/蜘蛛.png
  artifactKey: Guid(e3d56b439ffad9045bec242a84dfc722) Importer(815301076,1909f56bfc062723c751e8b465ee728b)
Start importing Assets/Resources/CardImages/蜘蛛.png using Guid(e3d56b439ffad9045bec242a84dfc722) Importer(815301076,1909f56bfc062723c751e8b465ee728b)  -> (artifact id: '971c514b14d204b0f90689339f5c1180') in 0.018277 seconds 
  Import took 0.021887 seconds .

========================================================================
Received Import Request.
  Time since last request: 0.000364 seconds.
  path: Assets/Resources/CardImages/双胞胎.png
  artifactKey: Guid(e0d4c2b9e02e00f428032fa3318ba9f2) Importer(815301076,1909f56bfc062723c751e8b465ee728b)
Start importing Assets/Resources/CardImages/双胞胎.png using Guid(e0d4c2b9e02e00f428032fa3318ba9f2) Importer(815301076,1909f56bfc062723c751e8b465ee728b)  -> (artifact id: '5faed450ab10eac8d7c8d3c901832eda') in 0.018556 seconds 
  Import took 0.022593 seconds .

========================================================================
Received Import Request.
  Time since last request: 0.000336 seconds.
  path: Assets/Resources/CardImages/惊吓.png
  artifactKey: Guid(b90821fd3002aab4f8d6c39a84a52ff5) Importer(815301076,1909f56bfc062723c751e8b465ee728b)
Start importing Assets/Resources/CardImages/惊吓.png using Guid(b90821fd3002aab4f8d6c39a84a52ff5) Importer(815301076,1909f56bfc062723c751e8b465ee728b)  -> (artifact id: '8115e394180e59681f55c38d8b6f2442') in 0.020105 seconds 
  Import took 0.023510 seconds .

========================================================================
Received Import Request.
  Time since last request: 0.000406 seconds.
  path: Assets/Resources/CardImages/无奈伤痕.png
  artifactKey: Guid(25b4781544bcc0b48b2c75829f8adcb3) Importer(815301076,1909f56bfc062723c751e8b465ee728b)
Start importing Assets/Resources/CardImages/无奈伤痕.png using Guid(25b4781544bcc0b48b2c75829f8adcb3) Importer(815301076,1909f56bfc062723c751e8b465ee728b)  -> (artifact id: '9d6d78f43707caa77d82c34f11bd74d9') in 0.020928 seconds 
  Import took 0.025067 seconds .

========================================================================
Received Import Request.
  Time since last request: 0.000307 seconds.
  path: Assets/Resources/CardImages/后妈.png
  artifactKey: Guid(5b9648b9dc1120e4d947526c58405264) Importer(815301076,1909f56bfc062723c751e8b465ee728b)
Start importing Assets/Resources/CardImages/后妈.png using Guid(5b9648b9dc1120e4d947526c58405264) Importer(815301076,1909f56bfc062723c751e8b465ee728b)  -> (artifact id: '443759faee05bf20672bfd80c8c24ec2') in 0.018433 seconds 
  Import took 0.022292 seconds .

========================================================================
Received Import Request.
  Time since last request: 0.000315 seconds.
  path: Assets/Resources/CardImages/黑夜.png
  artifactKey: Guid(8fffc560ddb42cf4e8f77bae2f94e5c1) Importer(815301076,1909f56bfc062723c751e8b465ee728b)
Start importing Assets/Resources/CardImages/黑夜.png using Guid(8fffc560ddb42cf4e8f77bae2f94e5c1) Importer(815301076,1909f56bfc062723c751e8b465ee728b)  -> (artifact id: '86e95b71f82fafd444a2e3540cb0f60a') in 0.017620 seconds 
  Import took 0.022060 seconds .

========================================================================
Received Import Request.
  Time since last request: 0.000270 seconds.
  path: Assets/Resources/CardImages/焦虑.png
  artifactKey: Guid(0cfc18a8dc28da74cbc0dfca74ca4387) Importer(815301076,1909f56bfc062723c751e8b465ee728b)
Start importing Assets/Resources/CardImages/焦虑.png using Guid(0cfc18a8dc28da74cbc0dfca74ca4387) Importer(815301076,1909f56bfc062723c751e8b465ee728b)  -> (artifact id: 'cca366799d10a0333480c114d03c81c5') in 0.020504 seconds 
  Import took 0.023954 seconds .

========================================================================
Received Import Request.
  Time since last request: 30.479331 seconds.
  path: Assets/Resources/CardImages/37.png
  artifactKey: Guid(476b106944a5949458701a8ecab4aab3) Importer(815301076,1909f56bfc062723c751e8b465ee728b)
Start importing Assets/Resources/CardImages/37.png using Guid(476b106944a5949458701a8ecab4aab3) Importer(815301076,1909f56bfc062723c751e8b465ee728b)  -> (artifact id: 'c378bfd64d1aea9c34f036a103e5a9c9') in 0.023420 seconds 
  Import took 0.028630 seconds .

========================================================================
Received Import Request.
  Time since last request: 13.799837 seconds.
  path: Assets/Resources/CardImages/33.png
  artifactKey: Guid(e0d4c2b9e02e00f428032fa3318ba9f2) Importer(815301076,1909f56bfc062723c751e8b465ee728b)
Start importing Assets/Resources/CardImages/33.png using Guid(e0d4c2b9e02e00f428032fa3318ba9f2) Importer(815301076,1909f56bfc062723c751e8b465ee728b)  -> (artifact id: '145d9436c5afe5ab651584d2cd3981c0') in 0.017905 seconds 
  Import took 0.049898 seconds .

========================================================================
Received Import Request.
  Time since last request: 13.566209 seconds.
  path: Assets/Resources/CardImages/32.png
  artifactKey: Guid(5b9648b9dc1120e4d947526c58405264) Importer(815301076,1909f56bfc062723c751e8b465ee728b)
Start importing Assets/Resources/CardImages/32.png using Guid(5b9648b9dc1120e4d947526c58405264) Importer(815301076,1909f56bfc062723c751e8b465ee728b)  -> (artifact id: '82a09305656ee8f53f0358552b17104f') in 0.019199 seconds 
  Import took 0.050487 seconds .

========================================================================
Received Prepare
Registering precompiled user dll's ...
Registered in 0.006065 seconds.
Begin MonoManager ReloadAssembly
Native extension for WindowsStandalone target not found
Refreshing native plugins compatible for Editor in 0.54 ms, found 3 plugins.
Preloading 0 native plugins for Editor in 0.00 ms.
Mono: successfully reloaded assembly
- Completed reload, in  1.547 seconds
Domain Reload Profiling:
	ReloadAssembly (1548ms)
		BeginReloadAssembly (172ms)
			ExecutionOrderSort (0ms)
			DisableScriptedObjects (8ms)
			BackupInstance (0ms)
			ReleaseScriptingObjects (0ms)
			CreateAndSetChildDomain (41ms)
		EndReloadAssembly (1318ms)
			LoadAssemblies (167ms)
			RebuildTransferFunctionScriptingTraits (0ms)
			SetupTypeCache (342ms)
			ReleaseScriptCaches (2ms)
			RebuildScriptCaches (53ms)
			SetupLoadedEditorAssemblies (700ms)
				LogAssemblyErrors (0ms)
				InitializePlatformSupportModulesInManaged (5ms)
				SetLoadedEditorAssemblies (0ms)
				RefreshPlugins (1ms)
				BeforeProcessingInitializeOnLoad (90ms)
				ProcessInitializeOnLoadAttributes (595ms)
				ProcessInitializeOnLoadMethodAttributes (6ms)
				AfterProcessingInitializeOnLoad (2ms)
				EditorAssembliesLoaded (0ms)
			ExecutionOrderSort2 (0ms)
			AwakeInstancesAfterBackupRestoration (10ms)
Platform modules already initialized, skipping
Refreshing native plugins compatible for Editor in 0.91 ms, found 3 plugins.
Preloading 0 native plugins for Editor in 0.00 ms.
Unloading 2176 Unused Serialized files (Serialized files now loaded: 0)
System memory in use before: 98.6 MB.
System memory in use after: 98.8 MB.

Unloading 18 unused Assets to reduce memory usage. Loaded Objects now: 2642.
Total: 4.959600 ms (FindLiveObjects: 0.333500 ms CreateObjectMapping: 0.139900 ms MarkObjects: 4.458100 ms  DeleteObjects: 0.026500 ms)

AssetImportParameters requested are different than current active one (requested -> active):
  custom:framework-win-MediaFoundation: 216162199b28c13a410421893ffa2e32 -> 
  custom:video-decoder-ogg-theora: a1e56fd34408186e4bbccfd4996cb3dc -> 
  custom:container-muxer-webm: aa71ff27fc2769a1b78a27578f13a17b -> 
  custom:container-demuxer-webm: 4f35f7cbe854078d1ac9338744f61a02 -> 
  custom:container-demuxer-ogg: 62fdf1f143b41e24485cea50d1cbac27 -> 
  custom:video-encoder-webm-vp8: eb34c28f22e8b96e1ab97ce403110664 -> 
  custom:video-codec-MediaFoundation-h265: 746d11721c4dcdbdad8f713fa42b33f4 -> 
  custom:video-decoder-webm-vp8: 9c59270c3fd7afecdb556c50c9e8de78 -> 
  custom:audio-decoder-ogg-vorbis: bf7c407c2cedff20999df2af8eb42d56 -> 
  custom:audio-encoder-webm-vorbis: bf7c407c2cedff20999df2af8eb42d56 -> 
========================================================================
Received Prepare
Registering precompiled user dll's ...
Registered in 0.005733 seconds.
Begin MonoManager ReloadAssembly
Native extension for WindowsStandalone target not found
Refreshing native plugins compatible for Editor in 0.53 ms, found 3 plugins.
Preloading 0 native plugins for Editor in 0.00 ms.
Mono: successfully reloaded assembly
- Completed reload, in  1.635 seconds
Domain Reload Profiling:
	ReloadAssembly (1635ms)
		BeginReloadAssembly (156ms)
			ExecutionOrderSort (0ms)
			DisableScriptedObjects (6ms)
			BackupInstance (0ms)
			ReleaseScriptingObjects (0ms)
			CreateAndSetChildDomain (39ms)
		EndReloadAssembly (1425ms)
			LoadAssemblies (143ms)
			RebuildTransferFunctionScriptingTraits (0ms)
			SetupTypeCache (356ms)
			ReleaseScriptCaches (1ms)
			RebuildScriptCaches (53ms)
			SetupLoadedEditorAssemblies (790ms)
				LogAssemblyErrors (0ms)
				InitializePlatformSupportModulesInManaged (5ms)
				SetLoadedEditorAssemblies (0ms)
				RefreshPlugins (1ms)
				BeforeProcessingInitializeOnLoad (89ms)
				ProcessInitializeOnLoadAttributes (686ms)
				ProcessInitializeOnLoadMethodAttributes (7ms)
				AfterProcessingInitializeOnLoad (3ms)
				EditorAssembliesLoaded (0ms)
			ExecutionOrderSort2 (0ms)
			AwakeInstancesAfterBackupRestoration (11ms)
Platform modules already initialized, skipping
Refreshing native plugins compatible for Editor in 0.76 ms, found 3 plugins.
Preloading 0 native plugins for Editor in 0.00 ms.
Unloading 2176 Unused Serialized files (Serialized files now loaded: 0)
System memory in use before: 98.7 MB.
System memory in use after: 98.8 MB.

Unloading 18 unused Assets to reduce memory usage. Loaded Objects now: 2645.
Total: 4.980000 ms (FindLiveObjects: 0.201100 ms CreateObjectMapping: 0.074600 ms MarkObjects: 4.670300 ms  DeleteObjects: 0.032500 ms)

AssetImportParameters requested are different than current active one (requested -> active):
  custom:framework-win-MediaFoundation: 216162199b28c13a410421893ffa2e32 -> 
  custom:video-decoder-ogg-theora: a1e56fd34408186e4bbccfd4996cb3dc -> 
  custom:container-muxer-webm: aa71ff27fc2769a1b78a27578f13a17b -> 
  custom:container-demuxer-webm: 4f35f7cbe854078d1ac9338744f61a02 -> 
  custom:container-demuxer-ogg: 62fdf1f143b41e24485cea50d1cbac27 -> 
  custom:video-encoder-webm-vp8: eb34c28f22e8b96e1ab97ce403110664 -> 
  custom:video-codec-MediaFoundation-h265: 746d11721c4dcdbdad8f713fa42b33f4 -> 
  custom:video-decoder-webm-vp8: 9c59270c3fd7afecdb556c50c9e8de78 -> 
  custom:audio-decoder-ogg-vorbis: bf7c407c2cedff20999df2af8eb42d56 -> 
  custom:audio-encoder-webm-vorbis: bf7c407c2cedff20999df2af8eb42d56 -> 
========================================================================
Received Import Request.
  Time since last request: 197.969644 seconds.
  path: Assets/Resources/CardImages/09.png
  artifactKey: Guid(b90821fd3002aab4f8d6c39a84a52ff5) Importer(815301076,1909f56bfc062723c751e8b465ee728b)
Start importing Assets/Resources/CardImages/09.png using Guid(b90821fd3002aab4f8d6c39a84a52ff5) Importer(815301076,1909f56bfc062723c751e8b465ee728b)  -> (artifact id: 'd77a2b997d121b8a6303e45631cf0e59') in 0.058541 seconds 
  Import took 0.063228 seconds .

========================================================================
Received Prepare
Registering precompiled user dll's ...
Registered in 0.005336 seconds.
Begin MonoManager ReloadAssembly
Native extension for WindowsStandalone target not found
Refreshing native plugins compatible for Editor in 0.56 ms, found 3 plugins.
Preloading 0 native plugins for Editor in 0.00 ms.
Mono: successfully reloaded assembly
- Completed reload, in  1.577 seconds
Domain Reload Profiling:
	ReloadAssembly (1577ms)
		BeginReloadAssembly (159ms)
			ExecutionOrderSort (0ms)
			DisableScriptedObjects (6ms)
			BackupInstance (0ms)
			ReleaseScriptingObjects (0ms)
			CreateAndSetChildDomain (41ms)
		EndReloadAssembly (1352ms)
			LoadAssemblies (139ms)
			RebuildTransferFunctionScriptingTraits (0ms)
			SetupTypeCache (298ms)
			ReleaseScriptCaches (1ms)
			RebuildScriptCaches (48ms)
			SetupLoadedEditorAssemblies (800ms)
				LogAssemblyErrors (0ms)
				InitializePlatformSupportModulesInManaged (5ms)
				SetLoadedEditorAssemblies (0ms)
				RefreshPlugins (1ms)
				BeforeProcessingInitializeOnLoad (89ms)
				ProcessInitializeOnLoadAttributes (690ms)
				ProcessInitializeOnLoadMethodAttributes (10ms)
				AfterProcessingInitializeOnLoad (4ms)
				EditorAssembliesLoaded (0ms)
			ExecutionOrderSort2 (0ms)
			AwakeInstancesAfterBackupRestoration (11ms)
Platform modules already initialized, skipping
Refreshing native plugins compatible for Editor in 0.93 ms, found 3 plugins.
Preloading 0 native plugins for Editor in 0.00 ms.
Unloading 2176 Unused Serialized files (Serialized files now loaded: 0)
System memory in use before: 98.7 MB.
System memory in use after: 98.8 MB.

Unloading 18 unused Assets to reduce memory usage. Loaded Objects now: 2649.
Total: 6.168400 ms (FindLiveObjects: 0.365400 ms CreateObjectMapping: 0.136700 ms MarkObjects: 5.637400 ms  DeleteObjects: 0.027500 ms)

AssetImportParameters requested are different than current active one (requested -> active):
  custom:framework-win-MediaFoundation: 216162199b28c13a410421893ffa2e32 -> 
  custom:video-decoder-ogg-theora: a1e56fd34408186e4bbccfd4996cb3dc -> 
  custom:container-muxer-webm: aa71ff27fc2769a1b78a27578f13a17b -> 
  custom:container-demuxer-webm: 4f35f7cbe854078d1ac9338744f61a02 -> 
  custom:container-demuxer-ogg: 62fdf1f143b41e24485cea50d1cbac27 -> 
  custom:video-encoder-webm-vp8: eb34c28f22e8b96e1ab97ce403110664 -> 
  custom:video-codec-MediaFoundation-h265: 746d11721c4dcdbdad8f713fa42b33f4 -> 
  custom:video-decoder-webm-vp8: 9c59270c3fd7afecdb556c50c9e8de78 -> 
  custom:audio-decoder-ogg-vorbis: bf7c407c2cedff20999df2af8eb42d56 -> 
  custom:audio-encoder-webm-vorbis: bf7c407c2cedff20999df2af8eb42d56 -> 
========================================================================
Received Import Request.
  Time since last request: 126.089352 seconds.
  path: Assets/Resources/CardImages/11.png
  artifactKey: Guid(25b4781544bcc0b48b2c75829f8adcb3) Importer(815301076,1909f56bfc062723c751e8b465ee728b)
Start importing Assets/Resources/CardImages/11.png using Guid(25b4781544bcc0b48b2c75829f8adcb3) Importer(815301076,1909f56bfc062723c751e8b465ee728b)  -> (artifact id: 'a17f3449befaffaa045e71974b87cd20') in 0.055756 seconds 
  Import took 0.059745 seconds .

========================================================================
Received Import Request.
  Time since last request: 4.595049 seconds.
  path: Assets/Resources/CardImages/12.png
  artifactKey: Guid(6fad896bd154f2b438d8b19deb3988f5) Importer(815301076,1909f56bfc062723c751e8b465ee728b)
Start importing Assets/Resources/CardImages/12.png using Guid(6fad896bd154f2b438d8b19deb3988f5) Importer(815301076,1909f56bfc062723c751e8b465ee728b)  -> (artifact id: '94b3f1b7e9545de89abe656b9bd818cb') in 0.020089 seconds 
  Import took 0.025697 seconds .

========================================================================
Received Import Request.
  Time since last request: 17.841105 seconds.
  path: Assets/Resources/CardImages/13.png
  artifactKey: Guid(89ecf60ebfe44944fa87766a82d3d1e3) Importer(815301076,1909f56bfc062723c751e8b465ee728b)
Start importing Assets/Resources/CardImages/13.png using Guid(89ecf60ebfe44944fa87766a82d3d1e3) Importer(815301076,1909f56bfc062723c751e8b465ee728b)  -> (artifact id: '999cf0aefdbef4c5711c45e3d3ee2495') in 0.023049 seconds 
  Import took 0.028782 seconds .

========================================================================
Received Import Request.
  Time since last request: 39.125146 seconds.
  path: Assets/Resources/CardImages/19.png
  artifactKey: Guid(26f495c5d7e1d40428ccf0bf6999214b) Importer(815301076,1909f56bfc062723c751e8b465ee728b)
Start importing Assets/Resources/CardImages/19.png using Guid(26f495c5d7e1d40428ccf0bf6999214b) Importer(815301076,1909f56bfc062723c751e8b465ee728b)  -> (artifact id: 'b82453aaffc46be69a08eb9d587c9089') in 0.022431 seconds 
  Import took 0.027589 seconds .

========================================================================
Received Import Request.
  Time since last request: 20.939554 seconds.
  path: Assets/Resources/CardImages/36.png
  artifactKey: Guid(0cfc18a8dc28da74cbc0dfca74ca4387) Importer(815301076,1909f56bfc062723c751e8b465ee728b)
Start importing Assets/Resources/CardImages/36.png using Guid(0cfc18a8dc28da74cbc0dfca74ca4387) Importer(815301076,1909f56bfc062723c751e8b465ee728b)  -> (artifact id: '2e2188cc8e501bcc497f36054b8df283') in 0.020068 seconds 
  Import took 0.025173 seconds .

========================================================================
Received Import Request.
  Time since last request: 19.147165 seconds.
  path: Assets/Resources/CardImages/21.png
  artifactKey: Guid(e3d56b439ffad9045bec242a84dfc722) Importer(815301076,1909f56bfc062723c751e8b465ee728b)
Start importing Assets/Resources/CardImages/21.png using Guid(e3d56b439ffad9045bec242a84dfc722) Importer(815301076,1909f56bfc062723c751e8b465ee728b)  -> (artifact id: '8ff161b783bbce4c156d883339091185') in 0.025692 seconds 
  Import took 0.029358 seconds .

========================================================================
Received Import Request.
  Time since last request: 33.641360 seconds.
  path: Assets/Resources/CardImages/22.png
  artifactKey: Guid(812ed3a142340044f9278c1fc690743a) Importer(815301076,1909f56bfc062723c751e8b465ee728b)
Start importing Assets/Resources/CardImages/22.png using Guid(812ed3a142340044f9278c1fc690743a) Importer(815301076,1909f56bfc062723c751e8b465ee728b)  -> (artifact id: '45378191382494fe033cadf6b34ba985') in 0.018126 seconds 
  Import took 0.022703 seconds .

========================================================================
Received Import Request.
  Time since last request: 14.875457 seconds.
  path: Assets/Resources/CardImages/17.png
  artifactKey: Guid(8fffc560ddb42cf4e8f77bae2f94e5c1) Importer(815301076,1909f56bfc062723c751e8b465ee728b)
Start importing Assets/Resources/CardImages/17.png using Guid(8fffc560ddb42cf4e8f77bae2f94e5c1) Importer(815301076,1909f56bfc062723c751e8b465ee728b)  -> (artifact id: '752b3ffddaf1799465ede22fd9a00990') in 0.025436 seconds 
  Import took 0.030544 seconds .

========================================================================
Received Prepare
Registering precompiled user dll's ...
Registered in 0.005866 seconds.
Begin MonoManager ReloadAssembly
Native extension for WindowsStandalone target not found
Refreshing native plugins compatible for Editor in 0.56 ms, found 3 plugins.
Preloading 0 native plugins for Editor in 0.00 ms.
Mono: successfully reloaded assembly
- Completed reload, in  1.477 seconds
Domain Reload Profiling:
	ReloadAssembly (1478ms)
		BeginReloadAssembly (144ms)
			ExecutionOrderSort (0ms)
			DisableScriptedObjects (7ms)
			BackupInstance (0ms)
			ReleaseScriptingObjects (0ms)
			CreateAndSetChildDomain (37ms)
		EndReloadAssembly (1281ms)
			LoadAssemblies (132ms)
			RebuildTransferFunctionScriptingTraits (0ms)
			SetupTypeCache (284ms)
			ReleaseScriptCaches (1ms)
			RebuildScriptCaches (51ms)
			SetupLoadedEditorAssemblies (748ms)
				LogAssemblyErrors (0ms)
				InitializePlatformSupportModulesInManaged (5ms)
				SetLoadedEditorAssemblies (0ms)
				RefreshPlugins (1ms)
				BeforeProcessingInitializeOnLoad (85ms)
				ProcessInitializeOnLoadAttributes (645ms)
				ProcessInitializeOnLoadMethodAttributes (8ms)
				AfterProcessingInitializeOnLoad (3ms)
				EditorAssembliesLoaded (0ms)
			ExecutionOrderSort2 (0ms)
			AwakeInstancesAfterBackupRestoration (11ms)
Platform modules already initialized, skipping
Refreshing native plugins compatible for Editor in 0.59 ms, found 3 plugins.
Preloading 0 native plugins for Editor in 0.00 ms.
Unloading 2176 Unused Serialized files (Serialized files now loaded: 0)
System memory in use before: 98.7 MB.
System memory in use after: 98.9 MB.

Unloading 18 unused Assets to reduce memory usage. Loaded Objects now: 2653.
Total: 4.929500 ms (FindLiveObjects: 0.268000 ms CreateObjectMapping: 0.102900 ms MarkObjects: 4.531900 ms  DeleteObjects: 0.025500 ms)

AssetImportParameters requested are different than current active one (requested -> active):
  custom:framework-win-MediaFoundation: 216162199b28c13a410421893ffa2e32 -> 
  custom:video-decoder-ogg-theora: a1e56fd34408186e4bbccfd4996cb3dc -> 
  custom:container-muxer-webm: aa71ff27fc2769a1b78a27578f13a17b -> 
  custom:container-demuxer-webm: 4f35f7cbe854078d1ac9338744f61a02 -> 
  custom:container-demuxer-ogg: 62fdf1f143b41e24485cea50d1cbac27 -> 
  custom:video-encoder-webm-vp8: eb34c28f22e8b96e1ab97ce403110664 -> 
  custom:video-codec-MediaFoundation-h265: 746d11721c4dcdbdad8f713fa42b33f4 -> 
  custom:video-decoder-webm-vp8: 9c59270c3fd7afecdb556c50c9e8de78 -> 
  custom:audio-decoder-ogg-vorbis: bf7c407c2cedff20999df2af8eb42d56 -> 
  custom:audio-encoder-webm-vorbis: bf7c407c2cedff20999df2af8eb42d56 -> 
========================================================================
Received Import Request.
  Time since last request: 48.518735 seconds.
  path: Assets/Prefabs/ArrowHead.prefab
  artifactKey: Guid(5c208a102e04bf848b2f49ecd38ab8ff) Importer(815301076,1909f56bfc062723c751e8b465ee728b)
Start importing Assets/Prefabs/ArrowHead.prefab using Guid(5c208a102e04bf848b2f49ecd38ab8ff) Importer(815301076,1909f56bfc062723c751e8b465ee728b)  -> (artifact id: '30b2345d77f4e83b6a04ad3bdba36e43') in 0.046717 seconds 
  Import took 0.050899 seconds .

========================================================================
Received Import Request.
  Time since last request: 0.000418 seconds.
  path: Assets/Prefabs/ArrowNode.prefab
  artifactKey: Guid(1e6d639f08b760d47afa7e805080d338) Importer(815301076,1909f56bfc062723c751e8b465ee728b)
Start importing Assets/Prefabs/ArrowNode.prefab using Guid(1e6d639f08b760d47afa7e805080d338) Importer(815301076,1909f56bfc062723c751e8b465ee728b)  -> (artifact id: 'd1f1484b0085c970fa63154d75716249') in 0.011413 seconds 
  Import took 0.015370 seconds .

========================================================================
Received Prepare
Registering precompiled user dll's ...
Registered in 0.005293 seconds.
Begin MonoManager ReloadAssembly
Native extension for WindowsStandalone target not found
Refreshing native plugins compatible for Editor in 0.55 ms, found 3 plugins.
Preloading 0 native plugins for Editor in 0.00 ms.
Mono: successfully reloaded assembly
- Completed reload, in  1.549 seconds
Domain Reload Profiling:
	ReloadAssembly (1549ms)
		BeginReloadAssembly (175ms)
			ExecutionOrderSort (0ms)
			DisableScriptedObjects (8ms)
			BackupInstance (0ms)
			ReleaseScriptingObjects (0ms)
			CreateAndSetChildDomain (42ms)
		EndReloadAssembly (1288ms)
			LoadAssemblies (149ms)
			RebuildTransferFunctionScriptingTraits (0ms)
			SetupTypeCache (285ms)
			ReleaseScriptCaches (1ms)
			RebuildScriptCaches (48ms)
			SetupLoadedEditorAssemblies (753ms)
				LogAssemblyErrors (0ms)
				InitializePlatformSupportModulesInManaged (5ms)
				SetLoadedEditorAssemblies (0ms)
				RefreshPlugins (1ms)
				BeforeProcessingInitializeOnLoad (86ms)
				ProcessInitializeOnLoadAttributes (652ms)
				ProcessInitializeOnLoadMethodAttributes (6ms)
				AfterProcessingInitializeOnLoad (3ms)
				EditorAssembliesLoaded (0ms)
			ExecutionOrderSort2 (0ms)
			AwakeInstancesAfterBackupRestoration (10ms)
Platform modules already initialized, skipping
Refreshing native plugins compatible for Editor in 0.91 ms, found 3 plugins.
Preloading 0 native plugins for Editor in 0.00 ms.
Unloading 2176 Unused Serialized files (Serialized files now loaded: 0)
System memory in use before: 98.8 MB.
System memory in use after: 98.9 MB.

Unloading 18 unused Assets to reduce memory usage. Loaded Objects now: 2656.
Total: 6.145700 ms (FindLiveObjects: 0.295700 ms CreateObjectMapping: 0.131700 ms MarkObjects: 5.494500 ms  DeleteObjects: 0.222300 ms)

AssetImportParameters requested are different than current active one (requested -> active):
  custom:framework-win-MediaFoundation: 216162199b28c13a410421893ffa2e32 -> 
  custom:video-decoder-ogg-theora: a1e56fd34408186e4bbccfd4996cb3dc -> 
  custom:container-muxer-webm: aa71ff27fc2769a1b78a27578f13a17b -> 
  custom:container-demuxer-webm: 4f35f7cbe854078d1ac9338744f61a02 -> 
  custom:container-demuxer-ogg: 62fdf1f143b41e24485cea50d1cbac27 -> 
  custom:video-encoder-webm-vp8: eb34c28f22e8b96e1ab97ce403110664 -> 
  custom:video-codec-MediaFoundation-h265: 746d11721c4dcdbdad8f713fa42b33f4 -> 
  custom:video-decoder-webm-vp8: 9c59270c3fd7afecdb556c50c9e8de78 -> 
  custom:audio-decoder-ogg-vorbis: bf7c407c2cedff20999df2af8eb42d56 -> 
  custom:audio-encoder-webm-vorbis: bf7c407c2cedff20999df2af8eb42d56 -> 
========================================================================
Received Prepare
Registering precompiled user dll's ...
Registered in 0.005558 seconds.
Begin MonoManager ReloadAssembly
Native extension for WindowsStandalone target not found
Refreshing native plugins compatible for Editor in 0.84 ms, found 3 plugins.
Preloading 0 native plugins for Editor in 0.00 ms.
Mono: successfully reloaded assembly
- Completed reload, in  1.529 seconds
Domain Reload Profiling:
	ReloadAssembly (1530ms)
		BeginReloadAssembly (146ms)
			ExecutionOrderSort (0ms)
			DisableScriptedObjects (8ms)
			BackupInstance (0ms)
			ReleaseScriptingObjects (0ms)
			CreateAndSetChildDomain (33ms)
		EndReloadAssembly (1328ms)
			LoadAssemblies (144ms)
			RebuildTransferFunctionScriptingTraits (0ms)
			SetupTypeCache (349ms)
			ReleaseScriptCaches (1ms)
			RebuildScriptCaches (50ms)
			SetupLoadedEditorAssemblies (713ms)
				LogAssemblyErrors (0ms)
				InitializePlatformSupportModulesInManaged (7ms)
				SetLoadedEditorAssemblies (1ms)
				RefreshPlugins (1ms)
				BeforeProcessingInitializeOnLoad (89ms)
				ProcessInitializeOnLoadAttributes (607ms)
				ProcessInitializeOnLoadMethodAttributes (6ms)
				AfterProcessingInitializeOnLoad (2ms)
				EditorAssembliesLoaded (0ms)
			ExecutionOrderSort2 (0ms)
			AwakeInstancesAfterBackupRestoration (11ms)
Platform modules already initialized, skipping
Refreshing native plugins compatible for Editor in 0.88 ms, found 3 plugins.
Preloading 0 native plugins for Editor in 0.00 ms.
Unloading 2176 Unused Serialized files (Serialized files now loaded: 0)
System memory in use before: 98.8 MB.
System memory in use after: 98.9 MB.

Unloading 18 unused Assets to reduce memory usage. Loaded Objects now: 2659.
Total: 4.776300 ms (FindLiveObjects: 0.351100 ms CreateObjectMapping: 0.153600 ms MarkObjects: 4.234500 ms  DeleteObjects: 0.035700 ms)

AssetImportParameters requested are different than current active one (requested -> active):
  custom:framework-win-MediaFoundation: 216162199b28c13a410421893ffa2e32 -> 
  custom:video-decoder-ogg-theora: a1e56fd34408186e4bbccfd4996cb3dc -> 
  custom:container-muxer-webm: aa71ff27fc2769a1b78a27578f13a17b -> 
  custom:container-demuxer-webm: 4f35f7cbe854078d1ac9338744f61a02 -> 
  custom:container-demuxer-ogg: 62fdf1f143b41e24485cea50d1cbac27 -> 
  custom:video-encoder-webm-vp8: eb34c28f22e8b96e1ab97ce403110664 -> 
  custom:video-codec-MediaFoundation-h265: 746d11721c4dcdbdad8f713fa42b33f4 -> 
  custom:video-decoder-webm-vp8: 9c59270c3fd7afecdb556c50c9e8de78 -> 
  custom:audio-decoder-ogg-vorbis: bf7c407c2cedff20999df2af8eb42d56 -> 
  custom:audio-encoder-webm-vorbis: bf7c407c2cedff20999df2af8eb42d56 -> 
========================================================================
Received Prepare
Registering precompiled user dll's ...
Registered in 0.005538 seconds.
Begin MonoManager ReloadAssembly
Native extension for WindowsStandalone target not found
Refreshing native plugins compatible for Editor in 0.54 ms, found 3 plugins.
Preloading 0 native plugins for Editor in 0.00 ms.
Mono: successfully reloaded assembly
- Completed reload, in  1.503 seconds
Domain Reload Profiling:
	ReloadAssembly (1504ms)
		BeginReloadAssembly (144ms)
			ExecutionOrderSort (0ms)
			DisableScriptedObjects (6ms)
			BackupInstance (0ms)
			ReleaseScriptingObjects (0ms)
			CreateAndSetChildDomain (34ms)
		EndReloadAssembly (1304ms)
			LoadAssemblies (133ms)
			RebuildTransferFunctionScriptingTraits (0ms)
			SetupTypeCache (290ms)
			ReleaseScriptCaches (1ms)
			RebuildScriptCaches (48ms)
			SetupLoadedEditorAssemblies (758ms)
				LogAssemblyErrors (0ms)
				InitializePlatformSupportModulesInManaged (5ms)
				SetLoadedEditorAssemblies (0ms)
				RefreshPlugins (1ms)
				BeforeProcessingInitializeOnLoad (87ms)
				ProcessInitializeOnLoadAttributes (656ms)
				ProcessInitializeOnLoadMethodAttributes (6ms)
				AfterProcessingInitializeOnLoad (3ms)
				EditorAssembliesLoaded (0ms)
			ExecutionOrderSort2 (0ms)
			AwakeInstancesAfterBackupRestoration (15ms)
Platform modules already initialized, skipping
Refreshing native plugins compatible for Editor in 0.61 ms, found 3 plugins.
Preloading 0 native plugins for Editor in 0.00 ms.
Unloading 2176 Unused Serialized files (Serialized files now loaded: 0)
System memory in use before: 98.8 MB.
System memory in use after: 98.9 MB.

Unloading 18 unused Assets to reduce memory usage. Loaded Objects now: 2662.
Total: 5.124200 ms (FindLiveObjects: 0.384900 ms CreateObjectMapping: 0.159000 ms MarkObjects: 4.550900 ms  DeleteObjects: 0.027600 ms)

AssetImportParameters requested are different than current active one (requested -> active):
  custom:framework-win-MediaFoundation: 216162199b28c13a410421893ffa2e32 -> 
  custom:video-decoder-ogg-theora: a1e56fd34408186e4bbccfd4996cb3dc -> 
  custom:container-muxer-webm: aa71ff27fc2769a1b78a27578f13a17b -> 
  custom:container-demuxer-webm: 4f35f7cbe854078d1ac9338744f61a02 -> 
  custom:container-demuxer-ogg: 62fdf1f143b41e24485cea50d1cbac27 -> 
  custom:video-encoder-webm-vp8: eb34c28f22e8b96e1ab97ce403110664 -> 
  custom:video-codec-MediaFoundation-h265: 746d11721c4dcdbdad8f713fa42b33f4 -> 
  custom:video-decoder-webm-vp8: 9c59270c3fd7afecdb556c50c9e8de78 -> 
  custom:audio-decoder-ogg-vorbis: bf7c407c2cedff20999df2af8eb42d56 -> 
  custom:audio-encoder-webm-vorbis: bf7c407c2cedff20999df2af8eb42d56 -> 
AssetImportWorkerClient::OnTransportError - code=2 error=End of file
